#
# A fatal error has been detected by the Java Runtime Environment:
#
#  Internal Error (javaClasses.cpp:136), pid=7008, tid=7132
#  fatal error: Invalid layout of preloaded class
#
# JRE version:  (7.0_51-b13) (build )
# Java VM: Java HotSpot(TM) Client VM (24.51-b03 mixed mode windows-x86 )
# Failed to write core dump. Minidumps are not enabled by default on client versions of Windows
#
# If you would like to submit a bug report, please visit:
#   http://bugreport.sun.com/bugreport/crash.jsp
#

---------------  T H R E A D  ---------------

Current thread (0x0059c400):  JavaThread "Unknown thread" [_thread_in_vm, id=7132, stack(0x00a50000,0x00aa0000)]

Stack: [0x00a50000,0x00aa0000],  sp=0x00a9f710,  free space=317k
Native frames: (J=compiled Java code, j=interpreted, Vv=VM code, C=native code)
V  [jvm.dll+0x18e0f1]
V  [jvm.dll+0x187e66]
V  [jvm.dll+0x3586a]
V  [jvm.dll+0x358f6]
V  [jvm.dll+0x4400d]
V  [jvm.dll+0x442be]
V  [jvm.dll+0x9263a]
V  [jvm.dll+0x929eb]
V  [jvm.dll+0x13dc51]
V  [jvm.dll+0x16076c]
V  [jvm.dll+0xc8ebf]
C  [javaw.exe+0x13ce]
C  [javaw.exe+0x1e40]
C  [javaw.exe+0xa5b1]
C  [javaw.exe+0xa63b]
C  [kernel32.dll+0x4ed6c]
C  [ntdll.dll+0x6377b]
C  [ntdll.dll+0x6374e]


---------------  P R O C E S S  ---------------

Java Threads: ( => current thread )

Other Threads:

=>0x0059c400 (exited) JavaThread "Unknown thread" [_thread_in_vm, id=7132, stack(0x00a50000,0x00aa0000)]

VM state:not at safepoint (not fully initialized)

VM Mutex/Monitor currently owned by a thread: None

GC Heap History (0 events):
No events

Deoptimization events (0 events):
No events

Internal exceptions (0 events):
No events

Events (10 events):
Event: 0.006 loading class 0x00979ca8 done
Event: 0.006 loading class 0x00979738 done
Event: 0.006 loading class 0x00979718
Event: 0.006 loading class 0x00980a60
Event: 0.006 loading class 0x00980a60 done
Event: 0.006 loading class 0x00980a90
Event: 0.006 loading class 0x00980a90 done
Event: 0.006 loading class 0x00980ac0
Event: 0.006 loading class 0x00980ac0 done
Event: 0.006 loading class 0x00979718 done


Dynamic libraries:
0x00b80000 - 0x00baf000 	D:\Software\Java\jdk1.7.0_51\bin\javaw.exe
0x77670000 - 0x777ac000 	C:\Windows\SYSTEM32\ntdll.dll
0x76550000 - 0x76624000 	C:\Windows\system32\kernel32.dll
0x75990000 - 0x759da000 	C:\Windows\system32\KERNELBASE.dll
0x75e20000 - 0x75ec0000 	C:\Windows\system32\ADVAPI32.dll
0x76090000 - 0x7613c000 	C:\Windows\system32\msvcrt.dll
0x77810000 - 0x77829000 	C:\Windows\SYSTEM32\sechost.dll
0x764a0000 - 0x76541000 	C:\Windows\system32\RPCRT4.dll
0x75b00000 - 0x75bc9000 	C:\Windows\system32\USER32.dll
0x75ec0000 - 0x75f0e000 	C:\Windows\system32\GDI32.dll
0x76490000 - 0x7649a000 	C:\Windows\system32\LPK.dll
0x76950000 - 0x769ed000 	C:\Windows\system32\USP10.dll
0x74b90000 - 0x74d2e000 	C:\Windows\WinSxS\x86_microsoft.windows.common-controls_6595b64144ccf1df_6.0.7601.17514_none_41e6975e2bd6f2b2\COMCTL32.dll
0x777b0000 - 0x77807000 	C:\Windows\system32\SHLWAPI.dll
0x77880000 - 0x7789f000 	C:\Windows\system32\IMM32.DLL
0x767f0000 - 0x768bc000 	C:\Windows\system32\MSCTF.dll
0x675a0000 - 0x6765f000 	D:\Software\Java\jdk1.7.0_51\jre\bin\msvcr100.dll
0x65670000 - 0x659f0000 	D:\Software\Java\jdk1.7.0_51\jre\bin\client\jvm.dll
0x6fc90000 - 0x6fc97000 	C:\Windows\system32\WSOCK32.dll
0x76630000 - 0x76665000 	C:\Windows\system32\WS2_32.dll
0x768c0000 - 0x768c6000 	C:\Windows\system32\NSI.dll
0x747b0000 - 0x747e2000 	C:\Windows\system32\WINMM.dll
0x76680000 - 0x76685000 	C:\Windows\system32\PSAPI.DLL
0x743f0000 - 0x743fc000 	D:\Software\Java\jdk1.7.0_51\jre\bin\verify.dll
0x73eb0000 - 0x73ed0000 	D:\Software\Java\jdk1.7.0_51\jre\bin\java.dll
0x70be0000 - 0x70bf3000 	D:\Software\Java\jdk1.7.0_51\jre\bin\zip.dll
0x739f0000 - 0x73adb000 	C:\Windows\system32\dbghelp.dll

VM Arguments:
jvm_args: -Dfile.encoding=GBK -Xbootclasspath:D:\android\android-sdk-windows\platforms\android-10\android.jar 
java_command: cn.sdut.tools.Validate
Launcher Type: SUN_STANDARD

Environment Variables:
JAVA_HOME=D:\Software\Java\jdk1.7.0_51
CLASSPATH=.;D:\Software\Java\jdk1.7.0_51\lib\dt.jar;D:\Software\Java\jdk1.7.0_51\lib\tools.jar;
PATH=D:/Software/Java/jdk1.7.0_51/bin/../jre/bin/client;D:/Software/Java/jdk1.7.0_51/bin/../jre/bin;D:/Software/Java/jdk1.7.0_51/bin/../jre/lib/i386;D:\Software\oracle\product\10.2.0\db_1\bin;D:\Software\Java\jdk1.7.0_51\bin;D:\Software\Java\jdk1.7.0_51\jre\bin;C:\Program Files\Intel\iCLS Client\;C:\Program Files\NVIDIA Corporation\PhysX\Common;C:\Windows\system32;C:\Windows;C:\Windows\System32\Wbem;C:\Windows\System32\WindowsPowerShell\v1.0\;C:\Program Files\Intel\Intel(R) Management Engine Components\DAL;C:\Program Files\Intel\Intel(R) Management Engine Components\IPT;D:\Software\MySQL\MySQL Server 5.5\bin;D:\Software\CTEX\UserData\miktex\bin;D:\Software\CTEX\MiKTeX\miktex\bin;D:\Software\CTEX\CTeX\ctex\bin;D:\Software\CTEX\CTeX\cct\bin;D:\Software\CTEX\CTeX\ty\bin;D:\Software\CTEX\Ghostscript\gs9.05\bin;D:\Software\CTEX\GSview\gsview;D:\Software\Rational\common;D:\Software\matlab\runtime\win32;D:\Software\matlab\bin;D:\Software\TortoiseSVN\bin;.;D:\Software\Android\sdk\platform-tools;D:\Software\Android\sdk\tools;D:\Software\MySQL\MySQL Server 5.5\bin;D:\Software\Python27;D:\Software\Rational\Common;;D:\android\eclipse;
USERNAME=qinchuan
OS=Windows_NT
PROCESSOR_IDENTIFIER=x86 Family 6 Model 42 Stepping 7, GenuineIntel



---------------  S Y S T E M  ---------------

OS: Windows 7 Build 7601 Service Pack 1

CPU:total 4 (2 cores per cpu, 2 threads per core) family 6 model 42 stepping 7, cmov, cx8, fxsr, mmx, sse, sse2, sse3, ssse3, sse4.1, sse4.2, popcnt, avx, aes, ht, tsc, tscinvbit

Memory: 4k page, physical 3651888k(1434544k free), swap 7302020k(3876736k free)

vm_info: Java HotSpot(TM) Client VM (24.51-b03) for windows-x86 JRE (1.7.0_51-b13), built on Dec 18 2013 19:09:58 by "java_re" with unknown MS VC++:1600

time: Tue Sep 16 16:19:02 2014
elapsed time: 0 seconds

